<?xml version="1.0" encoding="UTF-8"?>
<!-- Generated by org.testng.reporters.JUnitXMLReporter -->
<testsuite ignored="0" hostname="MacBook-Pro.local" failures="2" tests="3" name="consoletest" time="0.025" errors="0" timestamp="2022-04-02T15:42:12 PDT">
  <testcase classname="com.andoroathodi.E2EApril2.tst" name="test1" time="0.008">
    <failure type="java.lang.AssertionError" message="expected:&amp;lt;5&amp;gt; but was:&amp;lt;6&amp;gt;">
      <![CDATA[java.lang.AssertionError: expected:<5> but was:<6>
at com.andoroathodi.E2EApril2.tst.test1(tst.java:19)
at java.base/java.util.ArrayList.forEach(ArrayList.java:1511)
... Removed 32 stack frames]]>
    </failure>
  </testcase> <!-- test1 -->
  <testcase classname="com.andoroathodi.E2EApril2.tst" name="test2" time="0.003"/>
  <testcase classname="com.andoroathodi.E2EApril2.tst" name="test3" time="0.001">
    <failure type="java.lang.AssertionError" message="expected:&amp;lt;5&amp;gt; but was:&amp;lt;9&amp;gt;">
      <![CDATA[java.lang.AssertionError: expected:<5> but was:<9>
at com.andoroathodi.E2EApril2.tst.test3(tst.java:42)
at java.base/java.util.ArrayList.forEach(ArrayList.java:1511)
... Removed 32 stack frames]]>
    </failure>
  </testcase> <!-- test3 -->
</testsuite> <!-- consoletest -->
