<?xml version="1.0" encoding="UTF-8"?>
<!-- Generated by org.testng.reporters.JUnitXMLReporter -->
<testsuite ignored="0" hostname="MacBook-Pro.local" failures="0" tests="6" name="RediffTest" time="0.055" errors="0" timestamp="2022-04-02T18:59:06 PDT">
  <testcase classname="com.andoroathodi.E2EApril2.exectuinClass" name="@BeforeTest setUp" time="0.006">
    <failure type="java.lang.NullPointerException" message="Cannot invoke &amp;quot;String.equalsIgnoreCase(String)&amp;quot; because &amp;quot;browserName&amp;quot; is null">
      <![CDATA[java.lang.NullPointerException: Cannot invoke "String.equalsIgnoreCase(String)" because "browserName" is null
at resources.base.intializeDriver(base.java:29)
at com.andoroathodi.E2EApril2.exectuinClass.setUp(exectuinClass.java:32)
... Removed 28 stack frames]]>
    </failure>
  </testcase> <!-- @BeforeTest setUp -->
  <testcase classname="com.andoroathodi.E2EApril2.exectuinClass" name="@AfterMethod tearDown" time="0.0">
    <skipped/>
  </testcase> <!-- @AfterMethod tearDown -->
  <testcase classname="com.andoroathodi.E2EApril2.exectuinClass" name="@AfterMethod tearDown" time="0.0">
    <skipped/>
  </testcase> <!-- @AfterMethod tearDown -->
  <testcase classname="com.andoroathodi.E2EApril2.exectuinClass" name="@AfterTest tearDown" time="0.0">
    <skipped/>
  </testcase> <!-- @AfterTest tearDown -->
  <testcase classname="com.andoroathodi.E2EApril2.exectuinClass" name="GoogleTest" time="0.0">
    <skipped/>
  </testcase> <!-- GoogleTest -->
  <testcase classname="com.andoroathodi.E2EApril2.exectuinClass" name="valdiateUserDetails" time="0.0">
    <skipped/>
  </testcase> <!-- valdiateUserDetails -->
  <testcase classname="com.andoroathodi.E2EApril2.exectuinClass" name="validateNewAcntText" time="0.0">
    <skipped/>
  </testcase> <!-- validateNewAcntText -->
  <testcase classname="com.andoroathodi.E2EApril2.tst" name="test1" time="0.0">
    <skipped/>
  </testcase> <!-- test1 -->
  <testcase classname="com.andoroathodi.E2EApril2.tst" name="test2" time="0.0">
    <skipped/>
  </testcase> <!-- test2 -->
  <testcase classname="com.andoroathodi.E2EApril2.tst" name="test3" time="0.0">
    <skipped/>
  </testcase> <!-- test3 -->
</testsuite> <!-- RediffTest -->
