-------------------------------------------------------------------------------
Test set: TestSuite
-------------------------------------------------------------------------------
Tests run: 10, Failures: 1, Errors: 0, Skipped: 9, Time elapsed: 1.942 s <<< FAILURE! - in TestSuite
com.andoroathodi.E2EApril2.exectuinClass.setUp  Time elapsed: 1.28 s  <<< FAILURE!
java.lang.NullPointerException: Cannot invoke "String.equalsIgnoreCase(String)" because "browserName" is null
	at com.andoroathodi.E2EApril2.exectuinClass.setUp(exectuinClass.java:32)

